<?xml version="1.0" encoding="UTF-8"?>
<!-- Generated by org.testng.reporters.JUnitXMLReporter -->
<testsuite ignored="0" hostname="SWATHI" failures="0" tests="6" name="Default test" time="154.464" errors="0" timestamp="2024-06-24T12:35:34 IST">
  <testcase classname="test.AhamLoginTest" name="headerFooterLinks" time="111.688"/>
  <testcase classname="test.AhamLoginTest" name="registerPage" time="3.419"/>
  <testcase classname="test.AhamLoginTest" name="testLogin" time="2.022"/>
  <testcase classname="test.AhamLoginTest" name="accountManage" time="6.618"/>
  <testcase classname="test.AhamLoginTest" name="cartFeaturedproAdd" time="15.2"/>
  <testcase classname="test.AhamLoginTest" name="checkoutPage" time="3.563"/>
</testsuite> <!-- Default test -->
